{"level":"info","message":"Listening @5000","service":"user-service"}
{"message":"5000","level":"info","service":"user-service"}
{"level":"info","message":"Listening @5000","service":"user-service"}
{"message":"5000","level":"info","service":"user-service"}
{"level":"info","message":"Listening @5000","service":"user-service"}
{"message":"5000","level":"info","service":"user-service"}
{"level":"info","message":"Listening @5000","service":"user-service"}
{"level":"info","message":"Listening @5000","service":"user-service"}
{"message":"Test at port 5000","level":"info","service":"user-service"}
{"level":"info","message":"Listening @5000","service":"user-service"}
{"message":"Test at port 5000","level":"info","service":"user-service"}
{"level":"info","message":"Listening @5000","service":"user-service"}
{"message":"Test at port 5000","level":"info","service":"user-service"}
{"level":"info","message":"Listening @5000","service":"user-service","timestamp":"2020-07-07T12:57:14.245Z"}
{"message":"Test at port 5000","level":"info","service":"user-service","timestamp":"2020-07-07T12:57:14.251Z"}
{"level":"info","message":"Listening @5000","service":"user-service","timestamp":"2020-07-07T12:59:06.355Z"}
{"message":"Test at port 5000","level":"info","service":"user-service","timestamp":"2020-07-07T12:59:06.357Z"}
{"level":"info","message":"Listening @5000","service":"user-service","timestamp":"2020-07-07T12:59:10.525Z"}
{"message":"Test at port 5000","level":"info","service":"user-service","timestamp":"2020-07-07T12:59:10.536Z"}
{"level":"info","message":"Listening @5000","service":"user-service","timestamp":"2020-07-07T13:00:59.468Z"}
{"message":"Test at port 5000","level":"info","service":"user-service","timestamp":"2020-07-07T13:00:59.471Z"}
{"level":"info","message":"Listening @5000","service":"user-service","timestamp":"2020-07-07T13:01:18.030Z"}
{"message":"Test at port 5000","level":"info","service":"user-service","timestamp":"2020-07-07T13:01:18.035Z"}
{"level":"info","message":"Listening @5000","service":"user-service","timestamp":"2020-07-07T13:01:34.977Z"}
{"message":"Test at port 5000","level":"info","service":"user-service","timestamp":"2020-07-07T13:01:34.998Z"}
{"level":"info","message":"Listening @5000","timestamp":"2020-07-07T13:07:01.982Z"}
{"message":"Test at port 5000","level":"info","timestamp":"2020-07-07T13:07:01.984Z"}
{"level":"info","message":"Listening @5000","timestamp":"2020-07-07T13:08:45.108Z"}
{"message":"Test at port 5000","level":"info","timestamp":"2020-07-07T13:08:45.120Z"}
