{"level":"info","message":"New message: {\"title\":\"joiSchema\",\"text\":\"JOI schema is working perfectly\",\"cr_date\":\"25/07/2020\"} sent to the Database successfully.","timestamp":"2020-07-11T12:12:53.429Z"}
{"level":"info","message":"\"Changedtitle\" in message updated with {\"title\":\"NESTO DRUGO\",\"text\":\"Dobro došli u SPARK tDSKJFDSKLHDLKGHJLHim. Promjena 2\"}.","timestamp":"2020-07-11T12:36:08.418Z"}
{"level":"info","message":"\"NESTO DRUGO\" in message updated with {\"title\":\"Changedtitle\",\"text\":\"Dobro došli u SPARK tDSKJFDSKLHDLKGHJLHim. Promjena 2\"}.","timestamp":"2020-07-11T12:38:59.533Z"}
{"level":"info","message":"\"Changedtitle\" in message updated with {\"title\":\"Changedtitle2\",\"text\":\"Dobro došli u SPARK tDSKJFDSKLHDLKGHJLHim. Promjena 2\"}.","timestamp":"2020-07-11T12:40:36.076Z"}
{"level":"info","message":"\"Changedtitle2\" in message updated with {\"title\":\"Changedtitle\",\"text\":\"Dobro došli u SPARK tDSKJFDSKLHDLKGHJLHim. Promjena 2\"}.","timestamp":"2020-07-11T14:05:50.642Z"}
{"level":"info","message":"\"Changedtitle2\" in message updated with {\"title\":\"Changedtitle\",\"text\":\"Dobro došli u SPARK tDSKJFDSKLHDLKGHJLHim. Promjena 2\"}.","timestamp":"2020-07-11T14:09:52.537Z"}
{"level":"info","message":"New schedule: {\"message\":\"JoinD\",\"run_date\":\"12/07/2020\",\"repeat_range\":\"9\"} sent to the Database successfully.","timestamp":"2020-07-11T14:29:15.007Z"}
{"level":"info","message":"New schedule: {\"message\":\"JoinE\",\"run_date\":\"13/07/2020\",\"repeat_range\":\"3\"} sent to the Database successfully.","timestamp":"2020-07-11T14:29:33.747Z"}
{"level":"info","message":"\"JoinE\" in schedule updated with {\"message\":\"rejoinE\",\"run_date\":\"13/07/2020\",\"repeat_range\":\"3\"}.","timestamp":"2020-07-11T14:45:09.296Z"}
{"level":"info","message":"New trigger: {\"message\":\"JOIisWORKING\",\"trigger_word\":\"joi\",\"channel\":\"something\",\"active\":\"false\"} sent to the Database successfully.","timestamp":"2020-07-11T14:57:46.117Z"}
{"level":"info","message":"\"JOIisWORKING\" in trigger updated with {\"message\":\"joicanEdit\",\"trigger_word\":\"joi\",\"channel\":\"something\",\"active\":\"true\"}.","timestamp":"2020-07-11T15:01:46.333Z"}
{"level":"info","message":"\"JOIisWORKING\" in trigger updated with {\"message\":\"joicanEdit\",\"trigger_word\":\"joi\",\"channel\":\"something\",\"active\":\"true\"}.","timestamp":"2020-07-11T15:02:30.754Z"}
{"level":"info","message":"\"JOIisWORKING\" in trigger updated with {\"message\":\"joicanEdit\",\"trigger_word\":\"joi\",\"channel\":\"something\",\"active\":\"true\"}.","timestamp":"2020-07-11T15:06:07.645Z"}
{"level":"info","message":"\"JOIisWORKING\" in trigger updated with {\"message\":\"joicanEdit\",\"trigger_word\":\"joi\",\"channel\":\"something\",\"active\":\"true\"}.","timestamp":"2020-07-11T15:07:03.779Z"}
{"level":"info","message":"\"JOIisWORKING\" in trigger updated with {\"message\":\"joicanEdit\",\"trigger_word\":\"joi\",\"channel\":\"something\",\"active\":\"true\"}.","timestamp":"2020-07-11T15:22:10.014Z"}
{"level":"info","message":"\"joi\" in trigger updated with {\"message\":\"joicanEdit\",\"trigger_word\":\"joi\",\"channel\":\"something\",\"active\":\"true\"}.","timestamp":"2020-07-11T15:22:40.124Z"}
{"level":"info","message":"\"dsfhsjlh\" in message updated with {\"title\":\"Naslov99ad\",\"text\":\"Ovdje%20testiramkhklhlhlkh\"}.","timestamp":"2020-07-13T09:32:24.263Z"}
{"level":"info","message":"New message: {\"title\":\"Naslov9hdj9ad\",\"text\":\"Ovdje%20testiramkhklhlhlkh\",\"cr_date\":\"27/12/2020\"} sent to the Database successfully.","timestamp":"2020-07-13T09:56:32.518Z"}
{"level":"info","message":"\"dsffs\" in message updated with {\"title\":\"Naslov9hdj9ad\",\"text\":\"Ovdje%20testiramkhklhlhlkh\"}.","timestamp":"2020-07-13T09:57:58.507Z"}
{"level":"info","message":"\"dsffs\" in message updated with {\"title\":\"Naslov9hdj9ad\",\"text\":\"Ovdje%20testiramkhklhlhlkh\"}.","timestamp":"2020-07-13T10:07:14.472Z"}
{"level":"info","message":"\"rejoinE\" in schedule updated with {\"message\":\"rejoinEnough\",\"run_date\":\"13/07/2020\",\"repeat_range\":\"1\"}.","timestamp":"2020-07-13T10:31:13.111Z"}
{"level":"info","message":"\"hello\" in trigger updated with {\"message\":\"Hello2\",\"trigger_word\":\"hello2\",\"channel\":\"general\",\"active\":\"true\"}.","timestamp":"2020-07-13T10:45:28.970Z"}
{"level":"info","message":"trigger: \"hellfds\" deleted from the Database.","timestamp":"2020-07-13T10:46:23.689Z"}
{"level":"info","message":"trigger: \"hellfds\" deleted from the Database.","timestamp":"2020-07-13T10:49:00.441Z"}
{"level":"info","message":"trigger: \"hellfds\" deleted from the Database.","timestamp":"2020-07-13T10:50:39.316Z"}
{"level":"info","message":"trigger: \"hellfds\" deleted from the Database.","timestamp":"2020-07-13T10:51:32.358Z"}
{"level":"info","message":"trigger: \"hello2\" deleted from the Database.","timestamp":"2020-07-13T10:52:22.826Z"}
{"level":"info","message":"\"undefined\" in message updated with {\"title\":\"sample_title27\",\"text\":\"sample text27 text has to be at least 20 char long\",\"cr_date\":\"27/04/2020\"}.","timestamp":"2020-07-13T19:12:45.354Z"}
{"level":"info","message":"message: \"sample_title27\" deleted from the Database.","timestamp":"2020-07-13T19:13:51.738Z"}
{"level":"info","message":"\"joiSchema\" in message updated with {\"title\":\"sample_title27\",\"text\":\"sample text27 text has to be at least 20 char long\"}.","timestamp":"2020-07-13T19:15:30.728Z"}
{"level":"info","message":"schedule: \"rejoinEnough\" deleted from the Database.","timestamp":"2020-07-13T19:18:45.324Z"}
{"level":"info","message":"\"Test22\" in message updated with {\"title\":\"Test223\",\"text\":\"test test test test test test\"}.","timestamp":"2020-07-17T16:44:57.516Z"}
{"level":"info","message":"\"Test223\" in message updated with {\"title\":\"Test223\",\"text\":\"test test test test test test promjena\"}.","timestamp":"2020-07-17T16:46:38.622Z"}
{"level":"info","message":"\"Test223\" in message updated with {\"title\":\"Test2234\",\"text\":\"test test test test test test promjena\"}.","timestamp":"2020-07-17T16:47:41.433Z"}
{"level":"info","message":"New message: {\"title\":\"sampletitle12\",\"text\":\"joi doesnt allow whitespace \",\"cr_date\":\"12/09/2020\"} sent to the Database successfully.","timestamp":"2020-07-16T14:08:23.093Z"}
{"level":"info","message":"New trigger: {\"message\":\"White space\",\"trigger_word\":\"whitespace\",\"channel\":\"general\",\"active\":\"true\"} sent to the Database successfully.","timestamp":"2020-07-16T14:17:57.445Z"}
{"level":"info","message":"schedule: \"fsdgsdgsdg\" deleted from the Database.","timestamp":"2020-07-21T07:07:35.777Z"}
{"level":"info","message":"New schedule: {\"message\":\"test1\",\"run_date\":\"22%2F07%2F2020\",\"active\":\"false\",\"repeat_range\":\"1\"} sent to the Database successfully.","timestamp":"2020-07-21T09:13:23.029Z"}
{"level":"info","message":"New schedule: {\"message\":\"test2\",\"run_date\":\"22%2F07%2F2020\",\"active\":\"true\",\"repeat_range\":\"1\"} sent to the Database successfully.","timestamp":"2020-07-21T09:13:37.872Z"}
{"level":"info","message":"New schedule: {\"message\":\"test3\",\"run_date\":\"22%2F07%2F2020\",\"active\":\"false\",\"repeat_range\":\"9\"} sent to the Database successfully.","timestamp":"2020-07-21T09:22:58.794Z"}
{"level":"info","message":"New trigger: {\"message\":\"testing7\",\"trigger_word\":\"test7\",\"channel\":\"general\",\"active\":\"false\"} sent to the Database successfully.","timestamp":"2020-07-21T09:26:53.907Z"}
{"level":"info","message":"New trigger: {\"message\":\"joicanEdit\",\"trigger_word\":\"joi\",\"channel\":\"something\",\"active\":\"true\"} sent to the Database successfully.","timestamp":"2020-07-21T09:27:11.332Z"}
{"level":"info","message":"New trigger: {\"message\":\"test2\",\"trigger_word\":\"hello\",\"channel\":\"Private\",\"active\":\"true\"} sent to the Database successfully.","timestamp":"2020-07-21T09:27:27.347Z"}
{"level":"info","message":"New trigger: {\"message\":\"White%20space\",\"trigger_word\":\"whitespace\",\"channel\":\"general\",\"active\":\"true\"} sent to the Database successfully.","timestamp":"2020-07-21T09:27:46.903Z"}
{"level":"info","message":"New trigger: {\"message\":\"test3\",\"trigger_word\":\"Test2%2F3%2F\",\"channel\":\"Select3\",\"active\":\"true\"} sent to the Database successfully.","timestamp":"2020-07-21T09:28:55.239Z"}
{"level":"info","message":"New trigger: {\"message\":\"test122\",\"trigger_word\":\"dfhdf\",\"channel\":\"Slackbot-Test\",\"active\":\"false\"} sent to the Database successfully.","timestamp":"2020-07-21T09:29:30.666Z"}
{"level":"info","message":"New message: {\"title\":\"NaslovPoruke\",\"text\":\"Testiranje%20poruke.%20Ovo%20je%20njen%20tekst\",\"cr_date\":\"21%2F07%2F2020\"} sent to the Database successfully.","timestamp":"2020-07-21T10:58:57.249Z"}
{"level":"info","message":"New trigger: {\"message\":\"NaslovPoruke\",\"trigger_word\":\"test\",\"channel\":\"slackbot-test\",\"active\":\"true\"} sent to the Database successfully.","timestamp":"2020-07-21T11:00:36.907Z"}
{"level":"info","message":"New message: {\"title\":\"NoviNaslov2\",\"text\":\"Testiranje%20nove%20file%20strukture.\",\"cr_date\":\"21%2F07%2F2020\"} sent to the Database successfully.","timestamp":"2020-07-21T12:14:28.431Z"}
{"level":"info","message":"message: \"NoviNaslov2\" deleted from the Database.","timestamp":"2020-07-21T12:20:17.881Z"}
{"level":"info","message":"New message: {\"title\":\"NoviNaslov2\",\"text\":\"Testiranje%20nove%20file%20strukture.\",\"cr_date\":\"21%2F07%2F2020\"} sent to the Database successfully.","timestamp":"2020-07-21T12:20:31.875Z"}
{"level":"info","message":"\"NoviNaslov2\" in message updated with {\"title\":\"NoviNaslov2\",\"text\":\"Testiranje%20nove%20file%20strukture.%20Promjena%201\"}.","timestamp":"2020-07-21T12:36:15.297Z"}
{"level":"info","message":"New schedule: {\"message\":\"NaslovPoruke\",\"run_date\":\"22%2F07%2F2020\",\"active\":\"true\",\"repeat_range\":\"7\"} sent to the Database successfully.","timestamp":"2020-07-21T13:01:24.673Z"}
{"level":"info","message":"New schedule: {\"message\":\"NoviNaslov2\",\"run_date\":\"22%2F07%2F2020\",\"active\":\"false\",\"repeat_range\":\"3\"} sent to the Database successfully.","timestamp":"2020-07-21T13:01:57.899Z"}
{"level":"info","message":"schedule: \"NoviNaslov2\" deleted from the Database.","timestamp":"2020-07-21T13:16:19.518Z"}
{"level":"info","message":"New schedule: {\"message\":\"NoviNaslov2\",\"run_date\":\"22%2F07%2F2020\",\"active\":\"false\",\"repeat_range\":\"3\"} sent to the Database successfully.","timestamp":"2020-07-21T13:16:28.580Z"}
{"level":"info","message":"\"NoviNaslov2\" in schedule updated with {\"message\":\"NoviNaslov2\",\"run_date\":\"22%2F07%2F2020\",\"active\":\"true\",\"repeat_range\":\"3\"}.","timestamp":"2020-07-21T13:18:19.991Z"}
{"level":"info","message":"New trigger: {\"message\":\"NoviNaslov2\",\"trigger_word\":\"testiranje\",\"channel\":\"general\",\"active\":\"false\"} sent to the Database successfully.","timestamp":"2020-07-21T13:39:20.238Z"}
{"level":"info","message":"trigger: \"testiranje\" deleted from the Database.","timestamp":"2020-07-21T13:44:45.751Z"}
{"level":"info","message":"New trigger: {\"message\":\"NoviNaslov2\",\"trigger_word\":\"testiranje\",\"channel\":\"general\",\"active\":\"false\"} sent to the Database successfully.","timestamp":"2020-07-21T13:44:55.031Z"}
{"level":"info","message":"\"testiranje\" in trigger updated with {\"message\":\"NoviNaslov2\",\"trigger_word\":\"testiranje\",\"channel\":\"slackbot-test\",\"active\":\"true\"}.","timestamp":"2020-07-21T13:54:04.713Z"}
