{"message":"Connection failed","level":"error","timestamp":"2020-07-08T07:20:58.640Z"}
{"name":"SequelizeConnectionError","parent":{"code":"ER_DBACCESS_DENIED_ERROR","errno":1044,"sqlState":"42000","sqlMessage":"Access denied for user 'qJkXGOrBPl'@'%' to database 'test'"},"original":{"code":"ER_DBACCESS_DENIED_ERROR","errno":1044,"sqlState":"42000","sqlMessage":"Access denied for user 'qJkXGOrBPl'@'%' to database 'test'"},"level":"error","message":"Connection to Database failed Access denied for user 'qJkXGOrBPl'@'%' to database 'test'","stack":"SequelizeConnectionError: Access denied for user 'qJkXGOrBPl'@'%' to database 'test'\n    at ConnectionManager.connect (C:\\Users\\Emir\\Documents\\Coding\\git-repos\\bot-project\\welcome-bot\\node_modules\\sequelize\\lib\\dialects\\mysql\\connection-manager.js:126:17)\n    at processTicksAndRejections (internal/process/task_queues.js:97:5)","timestamp":"2020-07-08T09:13:22.993Z"}
{"level":"error","message":"Connection to Database failed","timestamp":"2020-07-08T09:14:37.355Z"}
{"level":"error","message":"Connection to Database failed","timestamp":"2020-07-08T09:15:14.936Z"}
{"level":"error","message":"Connection to Database failed","timestamp":"2020-07-08T09:15:32.328Z"}
{"name":"SequelizeConnectionError","parent":{"code":"ER_DBACCESS_DENIED_ERROR","errno":1044,"sqlState":"42000","sqlMessage":"Access denied for user 'qJkXGOrBPl'@'%' to database 'test'"},"original":{"code":"ER_DBACCESS_DENIED_ERROR","errno":1044,"sqlState":"42000","sqlMessage":"Access denied for user 'qJkXGOrBPl'@'%' to database 'test'"},"level":"error","message":"Connection to Database failed Access denied for user 'qJkXGOrBPl'@'%' to database 'test'","stack":"SequelizeConnectionError: Access denied for user 'qJkXGOrBPl'@'%' to database 'test'\n    at ConnectionManager.connect (C:\\Users\\Emir\\Documents\\Coding\\git-repos\\bot-project\\welcome-bot\\node_modules\\sequelize\\lib\\dialects\\mysql\\connection-manager.js:126:17)\n    at processTicksAndRejections (internal/process/task_queues.js:97:5)","timestamp":"2020-07-08T09:15:48.870Z"}
{"name":"SequelizeConnectionError","parent":{"code":"ER_DBACCESS_DENIED_ERROR","errno":1044,"sqlState":"42000","sqlMessage":"Access denied for user 'qJkXGOrBPl'@'%' to database 'test'"},"original":{"code":"ER_DBACCESS_DENIED_ERROR","errno":1044,"sqlState":"42000","sqlMessage":"Access denied for user 'qJkXGOrBPl'@'%' to database 'test'"},"level":"error","message":"Connection to Database failed Access denied for user 'qJkXGOrBPl'@'%' to database 'test'","stack":"SequelizeConnectionError: Access denied for user 'qJkXGOrBPl'@'%' to database 'test'\n    at ConnectionManager.connect (C:\\Users\\Emir\\Documents\\Coding\\git-repos\\bot-project\\welcome-bot\\node_modules\\sequelize\\lib\\dialects\\mysql\\connection-manager.js:126:17)\n    at processTicksAndRejections (internal/process/task_queues.js:97:5)","timestamp":"2020-07-08T09:16:07.937Z"}
{"name":"SequelizeConnectionError","parent":{"code":"ER_DBACCESS_DENIED_ERROR","errno":1044,"sqlState":"42000","sqlMessage":"Access denied for user 'qJkXGOrBPl'@'%' to database 'test'"},"original":{"code":"ER_DBACCESS_DENIED_ERROR","errno":1044,"sqlState":"42000","sqlMessage":"Access denied for user 'qJkXGOrBPl'@'%' to database 'test'"},"level":"error","timestamp":"2020-07-08T09:17:37.310Z"}
{"message":"Access denied for user 'qJkXGOrBPl'@'%' to database 'test'","level":"error","timestamp":"2020-07-08T09:18:05.241Z"}
{"message":"","level":"error","timestamp":"2020-07-08T09:20:05.268Z"}
{"message":"Access denied for user 'qJkXGOrBPl'@'%' to database 'test'","level":"error","timestamp":"2020-07-08T09:20:14.835Z"}
{"message":"Access denied for user 'qJkXGOrBPl'@'%' to database 'test' / ","level":"error","timestamp":"2020-07-08T09:20:39.099Z"}
{"message":"Access denied for user 'qJkXGOrBPl'@'%' to database 'test' / 1044","level":"error","timestamp":"2020-07-08T09:20:57.512Z"}
{"message":"Error message: Access denied for user 'qJkXGOrBPl'@'%' to database 'test' / 1044","level":"error","timestamp":"2020-07-08T09:21:44.055Z"}
{"message":"Error message: Access denied for user 'qJkXGOrBPl'@'%' to database 'test' | Error number: 1044","level":"error","timestamp":"2020-07-08T09:21:53.013Z"}
{"message":"Error message: Access denied for user 'qJkXGOrBPl'@'%' to database 'test' || Error number: 1044","level":"error","timestamp":"2020-07-08T09:22:12.286Z"}
{"message":" || Error message: Access denied for user 'qJkXGOrBPl'@'%' to database 'test' || Error number: 1044","level":"error","timestamp":"2020-07-08T09:22:18.150Z"}
{"message":"Err || Error message: Access denied for user 'qJkXGOrBPl'@'%' to database 'test' || Error number: 1044","level":"error","timestamp":"2020-07-08T09:22:23.888Z"}
{"message":"Error code: ER_DBACCESS_DENIED_ERROR || Error message: Access denied for user 'qJkXGOrBPl'@'%' to database 'test' || Error number: 1044","level":"error","timestamp":"2020-07-08T09:22:32.916Z"}
{"message":"Error code: ER_DBACCESS_DENIED_ERROR || Error message: Access denied for user 'qJkXGOrBPl'@'%' to database 'test' || Error number: 1044","level":"error"}
{"message":"Error code: ER_DBACCESS_DENIED_ERROR || Error message: Access denied for user 'qJkXGOrBPl'@'%' to database 'test' || Error number: 1044","level":"error"}
{"message":"Error code: ER_DBACCESS_DENIED_ERROR || Error message: Access denied for user 'qJkXGOrBPl'@'%' to database 'test' || Error number: 1044","level":"error","timestamp":"2020-07-08T09:23:30.880Z"}
{"message":"Error code: ER_DBACCESS_DENIED_ERROR || Error message: Access denied for user 'qJkXGOrBPl'@'%' to database 'test' || Error number: 1044","level":"\u001b[31merror\u001b[39m","timestamp":"2020-07-08T09:55:07.670Z"}
{"message":"Error code: ER_DBACCESS_DENIED_ERROR || Error message: Access denied for user 'qJkXGOrBPl'@'%' to database 'test' || Error number: 1044","level":"\u001b[31merror\u001b[39m","timestamp":"2020-07-08T09:56:15.769Z"}
{"message":"Error code: ER_DBACCESS_DENIED_ERROR || Error message: Access denied for user 'qJkXGOrBPl'@'%' to database 'test' || Error number: 1044","level":"\u001b[31merror\u001b[39m","timestamp":"2020-07-08T09:56:18.104Z"}
{"message":"Error code: ER_DBACCESS_DENIED_ERROR || Error message: Access denied for user 'qJkXGOrBPl'@'%' to database 'test' || Error number: 1044","level":"\u001b[31merror\u001b[39m","timestamp":"2020-07-08T09:56:28.171Z"}
{"message":"Error code: ER_DBACCESS_DENIED_ERROR || Error message: Access denied for user 'qJkXGOrBPl'@'%' to database 'test' || Error number: 1044","level":"\u001b[31merror\u001b[39m","timestamp":"2020-07-08T09:56:32.212Z"}
{"message":"Error code: ER_DBACCESS_DENIED_ERROR || Error message: Access denied for user 'qJkXGOrBPl'@'%' to database 'test' || Error number: 1044","level":"\u001b[31merror\u001b[39m","timestamp":"2020-07-08T09:56:35.647Z"}
{"message":"Error code: ER_DBACCESS_DENIED_ERROR || Error message: Access denied for user 'qJkXGOrBPl'@'%' to database 'test' || Error number: 1044","level":"\u001b[31merror\u001b[39m","timestamp":"2020-07-08T09:56:45.363Z"}
{"message":"Error code: ER_DBACCESS_DENIED_ERROR || Error message: Access denied for user 'qJkXGOrBPl'@'%' to database 'test' || Error number: 1044","level":"\u001b[31merror\u001b[39m","timestamp":"2020-07-08T09:56:53.101Z"}
{"message":"Error code: ER_DBACCESS_DENIED_ERROR || Error message: Access denied for user 'qJkXGOrBPl'@'%' to database 'test' || Error number: 1044","level":"\u001b[31merror\u001b[39m","timestamp":"2020-07-08T09:57:08.647Z"}
{"message":"Error code: ER_DBACCESS_DENIED_ERROR || Error message: Access denied for user 'qJkXGOrBPl'@'%' to database 'test' || Error number: 1044","level":"\u001b[31merror\u001b[39m","timestamp":"2020-07-08T09:57:31.530Z"}
{"message":"Error code: ER_DBACCESS_DENIED_ERROR || Error message: Access denied for user 'qJkXGOrBPl'@'%' to database 'test' || Error number: 1044","level":"\u001b[31merror\u001b[39m","timestamp":"2020-07-08T10:23:16.436Z"}
{"message":"Error code: ER_DBACCESS_DENIED_ERROR || Error message: Access denied for user 'qJkXGOrBPl'@'%' to database 'test' || Error number: 1044","level":"\u001b[31merror\u001b[39m","timestamp":"2020-07-08T10:24:58.757Z"}
{"message":"Error code: ER_DBACCESS_DENIED_ERROR || Error message: Access denied for user 'qJkXGOrBPl'@'%' to database 'test' || Error number: 1044","level":"\u001b[31merror\u001b[39m","timestamp":"2020-07-08T10:26:02.614Z"}
{"message":"Error code: ER_DBACCESS_DENIED_ERROR || Error message: Access denied for user 'qJkXGOrBPl'@'%' to database 'test' || Error number: 1044","level":"\u001b[31merror\u001b[39m","timestamp":"2020-07-08T10:26:57.404Z"}
{"message":"Error code: ER_DBACCESS_DENIED_ERROR || Error message: Access denied for user 'qJkXGOrBPl'@'%' to database 'test' || Error number: 1044","level":"error","timestamp":"2020-07-08T10:27:28.764Z"}
